Grammar

    0 $accept: program $end

    1 program: program statement NEWLINE
    2        | /* empty */
    3        | program LABEL NEWLINE
    4        | program IGNORE NEWLINE

    5 statement: OPERATION REGISTER REGISTER
    6          | OPERATION REGISTER IMMEDIATE
    7          | OPERATION REGISTER
    8          | OPERATION LBLNAME
    9          | OPERATION
   10          | ERROR


Terminals, with rules where they appear

$end (0) 0
error (256)
IGNORE (258) 4
OPERATION (259) 5 6 7 8 9
REGISTER (260) 5 6 7
IMMEDIATE (261) 6
ERROR (262) 10
NEWLINE (263) 1 3 4
LABEL (264) 3
LBLNAME (265) 8


Nonterminals, with rules where they appear

$accept (11)
    on left: 0
program (12)
    on left: 1 2 3 4, on right: 0 1 3 4
statement (13)
    on left: 5 6 7 8 9 10, on right: 1


state 0

    0 $accept: . program $end

    $default  reduce using rule 2 (program)

    program  go to state 1


state 1

    0 $accept: program . $end
    1 program: program . statement NEWLINE
    3        | program . LABEL NEWLINE
    4        | program . IGNORE NEWLINE

    $end       shift, and go to state 2
    IGNORE     shift, and go to state 3
    OPERATION  shift, and go to state 4
    ERROR      shift, and go to state 5
    LABEL      shift, and go to state 6

    statement  go to state 7


state 2

    0 $accept: program $end .

    $default  accept


state 3

    4 program: program IGNORE . NEWLINE

    NEWLINE  shift, and go to state 8


state 4

    5 statement: OPERATION . REGISTER REGISTER
    6          | OPERATION . REGISTER IMMEDIATE
    7          | OPERATION . REGISTER
    8          | OPERATION . LBLNAME
    9          | OPERATION .

    REGISTER  shift, and go to state 9
    LBLNAME   shift, and go to state 10

    $default  reduce using rule 9 (statement)


state 5

   10 statement: ERROR .

    $default  reduce using rule 10 (statement)


state 6

    3 program: program LABEL . NEWLINE

    NEWLINE  shift, and go to state 11


state 7

    1 program: program statement . NEWLINE

    NEWLINE  shift, and go to state 12


state 8

    4 program: program IGNORE NEWLINE .

    $default  reduce using rule 4 (program)


state 9

    5 statement: OPERATION REGISTER . REGISTER
    6          | OPERATION REGISTER . IMMEDIATE
    7          | OPERATION REGISTER .

    REGISTER   shift, and go to state 13
    IMMEDIATE  shift, and go to state 14

    $default  reduce using rule 7 (statement)


state 10

    8 statement: OPERATION LBLNAME .

    $default  reduce using rule 8 (statement)


state 11

    3 program: program LABEL NEWLINE .

    $default  reduce using rule 3 (program)


state 12

    1 program: program statement NEWLINE .

    $default  reduce using rule 1 (program)


state 13

    5 statement: OPERATION REGISTER REGISTER .

    $default  reduce using rule 5 (statement)


state 14

    6 statement: OPERATION REGISTER IMMEDIATE .

    $default  reduce using rule 6 (statement)
